# JRE version: Java(TM) SE Runtime Environment (8.0_144-b01) (build 1.8.0_144-b01)
# Java VM: Java HotSpot(TM) Client VM (25.144-b01 mixed mode windows-x86 )
Heap:
 def new generation   total 39424K, used 9377K [0x05000000, 0x07ac0000, 0x0faa0000)
  eden space 35072K,  25% used [0x05000000, 0x058a7f78, 0x07240000)
  from space 4352K,  11% used [0x07680000, 0x07700510, 0x07ac0000)
  to   space 4352K,   0% used [0x07240000, 0x07240000, 0x07680000)
 tenured generation   total 87424K, used 77955K [0x0faa0000, 0x15000000, 0x25000000)
   the space 87424K,  89% used [0x0faa0000, 0x146c0fd8, 0x146c1000, 0x15000000)
 Metaspace       used 19279K, capacity 19766K, committed 19840K, reserved 19840K
GC Heap History (10 events):
Event: 105241.146 GC heap before
{Heap before GC invocations=6781 (full 1):
 def new generation   total 39424K, used 35090K [0x05000000, 0x07ac0000, 0x0faa0000)
  eden space 35072K, 100% used [0x05000000, 0x07240000, 0x07240000)
  from space 4352K,   0% used [0x07240000, 0x07244b10, 0x07680000)
  to   space 4352K,   0% used [0x07680000, 0x07680000, 0x07ac0000)
 tenured generation   total 87424K, used 77954K [0x0faa0000, 0x15000000, 0x25000000)
   the space 87424K,  89% used [0x0faa0000, 0x146c0998, 0x146c0a00, 0x15000000)
 Metaspace       used 19279K, capacity 19766K, committed 19840K, reserved 19840K
Event: 105241.148 GC heap after
Heap after GC invocations=6782 (full 1):
 def new generation   total 39424K, used 17K [0x05000000, 0x07ac0000, 0x0faa0000)
  eden space 35072K,   0% used [0x05000000, 0x05000000, 0x07240000)
  from space 4352K,   0% used [0x07680000, 0x07684530, 0x07ac0000)
  to   space 4352K,   0% used [0x07240000, 0x07240000, 0x07680000)
 tenured generation   total 87424K, used 77955K [0x0faa0000, 0x15000000, 0x25000000)
   the space 87424K,  89% used [0x0faa0000, 0x146c0fd8, 0x146c1000, 0x15000000)
 Metaspace       used 19279K, capacity 19766K, committed 19840K, reserved 19840K
}
Event: 105439.206 GC heap before
{Heap before GC invocations=6782 (full 1):
 def new generation   total 39424K, used 35089K [0x05000000, 0x07ac0000, 0x0faa0000)
  eden space 35072K, 100% used [0x05000000, 0x07240000, 0x07240000)
  from space 4352K,   0% used [0x07680000, 0x07684530, 0x07ac0000)
  to   space 4352K,   0% used [0x07240000, 0x07240000, 0x07680000)
 tenured generation   total 87424K, used 77955K [0x0faa0000, 0x15000000, 0x25000000)
   the space 87424K,  89% used [0x0faa0000, 0x146c0fd8, 0x146c1000, 0x15000000)
 Metaspace       used 19279K, capacity 19766K, committed 19840K, reserved 19840K
Event: 105439.210 GC heap after
Heap after GC invocations=6783 (full 1):
 def new generation   total 39424K, used 17K [0x05000000, 0x07ac0000, 0x0faa0000)
  eden space 35072K,   0% used [0x05000000, 0x05000000, 0x07240000)
  from space 4352K,   0% used [0x07240000, 0x072447f8, 0x07680000)
  to   space 4352K,   0% used [0x07680000, 0x07680000, 0x07ac0000)
 tenured generation   total 87424K, used 77955K [0x0faa0000, 0x15000000, 0x25000000)
   the space 87424K,  89% used [0x0faa0000, 0x146c0fd8, 0x146c1000, 0x15000000)
 Metaspace       used 19279K, capacity 19766K, committed 19840K, reserved 19840K
}
Event: 105624.524 GC heap before
{Heap before GC invocations=6783 (full 1):
 def new generation   total 39424K, used 35089K [0x05000000, 0x07ac0000, 0x0faa0000)
  eden space 35072K, 100% used [0x05000000, 0x07240000, 0x07240000)
  from space 4352K,   0% used [0x07240000, 0x072447f8, 0x07680000)
  to   space 4352K,   0% used [0x07680000, 0x07680000, 0x07ac0000)
 tenured generation   total 87424K, used 77955K [0x0faa0000, 0x15000000, 0x25000000)
   the space 87424K,  89% used [0x0faa0000, 0x146c0fd8, 0x146c1000, 0x15000000)
 Metaspace       used 19279K, capacity 19766K, committed 19840K, reserved 19840K
Event: 105624.532 GC heap after
Heap after GC invocations=6784 (full 1):
 def new generation   total 39424K, used 667K [0x05000000, 0x07ac0000, 0x0faa0000)
  eden space 35072K,   0% used [0x05000000, 0x05000000, 0x07240000)
  from space 4352K,  15% used [0x07680000, 0x07726f28, 0x07ac0000)
  to   space 4352K,   0% used [0x07240000, 0x07240000, 0x07680000)
 tenured generation   total 87424K, used 77955K [0x0faa0000, 0x15000000, 0x25000000)
   the space 87424K,  89% used [0x0faa0000, 0x146c0fd8, 0x146c1000, 0x15000000)
 Metaspace       used 19279K, capacity 19766K, committed 19840K, reserved 19840K
}
Event: 105820.113 GC heap before
{Heap before GC invocations=6784 (full 1):
 def new generation   total 39424K, used 35739K [0x05000000, 0x07ac0000, 0x0faa0000)
  eden space 35072K, 100% used [0x05000000, 0x07240000, 0x07240000)
  from space 4352K,  15% used [0x07680000, 0x07726f28, 0x07ac0000)
  to   space 4352K,   0% used [0x07240000, 0x07240000, 0x07680000)
 tenured generation   total 87424K, used 77955K [0x0faa0000, 0x15000000, 0x25000000)
   the space 87424K,  89% used [0x0faa0000, 0x146c0fd8, 0x146c1000, 0x15000000)
 Metaspace       used 19279K, capacity 19766K, committed 19840K, reserved 19840K
Event: 105820.115 GC heap after
Heap after GC invocations=6785 (full 1):
 def new generation   total 39424K, used 19K [0x05000000, 0x07ac0000, 0x0faa0000)
  eden space 35072K,   0% used [0x05000000, 0x05000000, 0x07240000)
  from space 4352K,   0% used [0x07240000, 0x07244e20, 0x07680000)
  to   space 4352K,   0% used [0x07680000, 0x07680000, 0x07ac0000)
 tenured generation   total 87424K, used 77955K [0x0faa0000, 0x15000000, 0x25000000)
   the space 87424K,  89% used [0x0faa0000, 0x146c0fd8, 0x146c1000, 0x15000000)
 Metaspace       used 19279K, capacity 19766K, committed 19840K, reserved 19840K
}
Event: 106000.460 GC heap before
{Heap before GC invocations=6785 (full 1):
 def new generation   total 39424K, used 33394K [0x05000000, 0x07ac0000, 0x0faa0000)
  eden space 35072K,  95% used [0x05000000, 0x07097d50, 0x07240000)
  from space 4352K,   0% used [0x07240000, 0x07244e20, 0x07680000)
  to   space 4352K,   0% used [0x07680000, 0x07680000, 0x07ac0000)
 tenured generation   total 87424K, used 77955K [0x0faa0000, 0x15000000, 0x25000000)
   the space 87424K,  89% used [0x0faa0000, 0x146c0fd8, 0x146c1000, 0x15000000)
 Metaspace       used 19279K, capacity 19766K, committed 19840K, reserved 19840K
Event: 106000.463 GC heap after
Heap after GC invocations=6786 (full 1):
 def new generation   total 39424K, used 513K [0x05000000, 0x07ac0000, 0x0faa0000)
  eden space 35072K,   0% used [0x05000000, 0x05000000, 0x07240000)
  from space 4352K,  11% used [0x07680000, 0x07700510, 0x07ac0000)
  to   space 4352K,   0% used [0x07240000, 0x07240000, 0x07680000)
 tenured generation   total 87424K, used 77955K [0x0faa0000, 0x15000000, 0x25000000)
   the space 87424K,  89% used [0x0faa0000, 0x146c0fd8, 0x146c1000, 0x15000000)
 Metaspace       used 19279K, capacity 19766K, committed 19840K, reserved 19840K
}

